<?xml version="1.0" encoding="UTF-8"?>
<coverage generated="1447314852">
  <project timestamp="1447314852">
    <package name="Eloquent\Typhax\Comparator">
      <file name="/home/travis/build/eloquent/typhax/src/Comparator/TypeEquivalenceComparator.php">
        <class name="TypeEquivalenceComparator" namespace="Eloquent\Typhax\Comparator">
          <metrics methods="3" coveredmethods="3" conditionals="0" coveredconditionals="0" statements="3" coveredstatements="3" elements="6" coveredelements="6"/>
        </class>
        <line num="30" type="method" name="create" crap="1" count="31"/>
        <line num="32" type="stmt" count="31"/>
        <line num="45" type="method" name="isEquivalent" crap="1" count="30"/>
        <line num="47" type="stmt" count="30"/>
        <line num="58" type="method" name="compare" crap="1" count="31"/>
        <line num="61" type="stmt" count="31"/>
        <metrics loc="63" ncloc="25" classes="1" methods="3" coveredmethods="3" conditionals="0" coveredconditionals="0" statements="3" coveredstatements="3" elements="6" coveredelements="6"/>
      </file>
      <file name="/home/travis/build/eloquent/typhax/src/Comparator/TypeEquivalenceComparatorVisitor.php">
        <class name="TypeEquivalenceComparatorVisitor" namespace="Eloquent\Typhax\Comparator">
          <metrics methods="25" coveredmethods="25" conditionals="0" coveredconditionals="0" statements="122" coveredstatements="122" elements="147" coveredelements="147"/>
        </class>
        <line num="46" type="method" name="__construct" crap="1" count="31"/>
        <line num="50" type="stmt" count="31"/>
        <line num="51" type="stmt" count="31"/>
        <line num="52" type="stmt" count="31"/>
        <line num="53" type="stmt" count="31"/>
        <line num="54" type="stmt" count="31"/>
        <line num="63" type="method" name="visitAndType" crap="1" count="4"/>
        <line num="65" type="stmt" count="4"/>
        <line num="75" type="method" name="visitArrayType" crap="1" count="9"/>
        <line num="77" type="stmt" count="9"/>
        <line num="87" type="method" name="visitBooleanType" crap="1" count="3"/>
        <line num="89" type="stmt" count="3"/>
        <line num="99" type="method" name="visitCallableType" crap="1" count="1"/>
        <line num="101" type="stmt" count="1"/>
        <line num="111" type="method" name="visitExtensionType" crap="8" count="8"/>
        <line num="113" type="stmt" count="8"/>
        <line num="115" type="stmt" count="8"/>
        <line num="116" type="stmt" count="1"/>
        <line num="119" type="stmt" count="7"/>
        <line num="121" type="stmt" count="7"/>
        <line num="122" type="stmt" count="1"/>
        <line num="125" type="stmt" count="6"/>
        <line num="127" type="stmt" count="6"/>
        <line num="128" type="stmt" count="1"/>
        <line num="131" type="stmt" count="5"/>
        <line num="132" type="stmt" count="5"/>
        <line num="134" type="stmt" count="5"/>
        <line num="135" type="stmt" count="1"/>
        <line num="136" type="stmt" count="4"/>
        <line num="137" type="stmt" count="1"/>
        <line num="140" type="stmt" count="3"/>
        <line num="141" type="stmt" count="3"/>
        <line num="143" type="stmt" count="3"/>
        <line num="144" type="stmt" count="1"/>
        <line num="145" type="stmt" count="2"/>
        <line num="146" type="stmt" count="1"/>
        <line num="149" type="stmt" count="1"/>
        <line num="159" type="method" name="visitFloatType" crap="1" count="4"/>
        <line num="161" type="stmt" count="4"/>
        <line num="171" type="method" name="visitIntegerType" crap="1" count="8"/>
        <line num="173" type="stmt" count="8"/>
        <line num="183" type="method" name="visitMixedType" crap="2" count="2"/>
        <line num="185" type="stmt" count="2"/>
        <line num="186" type="stmt" count="1"/>
        <line num="189" type="stmt" count="2"/>
        <line num="199" type="method" name="visitNullType" crap="1" count="6"/>
        <line num="201" type="stmt" count="6"/>
        <line num="211" type="method" name="visitNumericType" crap="1" count="1"/>
        <line num="213" type="stmt" count="1"/>
        <line num="223" type="method" name="visitObjectType" crap="2" count="2"/>
        <line num="225" type="stmt" count="2"/>
        <line num="227" type="stmt" count="2"/>
        <line num="228" type="stmt" count="2"/>
        <line num="231" type="stmt" count="1"/>
        <line num="241" type="method" name="visitOrType" crap="1" count="3"/>
        <line num="243" type="stmt" count="3"/>
        <line num="253" type="method" name="visitResourceType" crap="2" count="1"/>
        <line num="255" type="stmt" count="1"/>
        <line num="257" type="stmt" count="1"/>
        <line num="258" type="stmt" count="1"/>
        <line num="261" type="stmt" count="1"/>
        <line num="271" type="method" name="visitStreamType" crap="3" count="5"/>
        <line num="273" type="stmt" count="5"/>
        <line num="275" type="stmt" count="5"/>
        <line num="276" type="stmt" count="1"/>
        <line num="280" type="stmt" count="5"/>
        <line num="282" type="stmt" count="5"/>
        <line num="283" type="stmt" count="3"/>
        <line num="287" type="stmt" count="2"/>
        <line num="297" type="method" name="visitStringType" crap="1" count="9"/>
        <line num="299" type="stmt" count="9"/>
        <line num="309" type="method" name="visitStringableType" crap="1" count="2"/>
        <line num="311" type="stmt" count="2"/>
        <line num="321" type="method" name="visitTraversableType" crap="7" count="8"/>
        <line num="323" type="stmt" count="8"/>
        <line num="325" type="stmt" count="8"/>
        <line num="326" type="stmt" count="2"/>
        <line num="329" type="stmt" count="7"/>
        <line num="330" type="stmt" count="7"/>
        <line num="332" type="stmt" count="7"/>
        <line num="333" type="stmt" count="1"/>
        <line num="336" type="stmt" count="6"/>
        <line num="337" type="stmt" count="6"/>
        <line num="339" type="stmt" count="6"/>
        <line num="340" type="stmt" count="5"/>
        <line num="342" type="stmt" count="4"/>
        <line num="344" type="stmt" count="4"/>
        <line num="345" type="stmt" count="2"/>
        <line num="348" type="stmt" count="2"/>
        <line num="350" type="stmt" count="2"/>
        <line num="351" type="stmt" count="2"/>
        <line num="354" type="stmt" count="3"/>
        <line num="355" type="stmt" count="3"/>
        <line num="365" type="method" name="visitTupleType" crap="2" count="3"/>
        <line num="367" type="stmt" count="3"/>
        <line num="369" type="stmt" count="3"/>
        <line num="370" type="stmt" count="1"/>
        <line num="373" type="stmt" count="2"/>
        <line num="376" type="method" name="comparePrimaryType" crap="2" count="31"/>
        <line num="378" type="stmt" count="31"/>
        <line num="379" type="stmt" count="2"/>
        <line num="382" type="stmt" count="31"/>
        <line num="385" type="method" name="compareComposite" crap="2" count="7"/>
        <line num="387" type="stmt" count="7"/>
        <line num="389" type="stmt" count="7"/>
        <line num="390" type="stmt" count="2"/>
        <line num="393" type="stmt" count="5"/>
        <line num="396" type="method" name="compareTypeList" crap="7" count="13"/>
        <line num="398" type="stmt" count="13"/>
        <line num="400" type="stmt" count="13"/>
        <line num="401" type="stmt" count="5"/>
        <line num="402" type="stmt" count="5"/>
        <line num="405" type="stmt" count="13"/>
        <line num="406" type="stmt" count="13"/>
        <line num="408" type="stmt" count="13"/>
        <line num="409" type="stmt" count="2"/>
        <line num="412" type="stmt" count="11"/>
        <line num="413" type="stmt" count="1"/>
        <line num="416" type="stmt" count="10"/>
        <line num="417" type="stmt" count="2"/>
        <line num="418" type="stmt" count="2"/>
        <line num="421" type="stmt" count="10"/>
        <line num="422" type="stmt" count="10"/>
        <line num="423" type="stmt" count="10"/>
        <line num="425" type="stmt" count="10"/>
        <line num="427" type="stmt" count="10"/>
        <line num="428" type="stmt" count="2"/>
        <line num="432" type="stmt" count="8"/>
        <line num="435" type="method" name="compareAttribute" crap="5" count="5"/>
        <line num="437" type="stmt" count="5"/>
        <line num="438" type="stmt" count="1"/>
        <line num="441" type="stmt" count="4"/>
        <line num="442" type="stmt" count="1"/>
        <line num="445" type="stmt" count="3"/>
        <line num="448" type="method" name="uniqueTypes" crap="3" count="5"/>
        <line num="450" type="stmt" count="5"/>
        <line num="452" type="stmt" count="5"/>
        <line num="453" type="stmt" count="5"/>
        <line num="454" type="stmt" count="5"/>
        <line num="456" type="stmt" count="5"/>
        <line num="458" type="stmt" count="5"/>
        <line num="461" type="method" name="typeInArray" crap="3" count="5"/>
        <line num="463" type="stmt" count="5"/>
        <line num="464" type="stmt" count="5"/>
        <line num="465" type="stmt" count="2"/>
        <line num="467" type="stmt" count="5"/>
        <line num="469" type="stmt" count="5"/>
        <metrics loc="476" ncloc="333" classes="1" methods="25" coveredmethods="25" conditionals="0" coveredconditionals="0" statements="122" coveredstatements="122" elements="147" coveredelements="147"/>
      </file>
    </package>
    <package name="Eloquent\Typhax\Parser\Exception">
      <file name="/home/travis/build/eloquent/typhax/src/Parser/Exception/AbstractParseException.php">
        <class name="AbstractParseException" namespace="Eloquent\Typhax\Parser\Exception">
          <metrics methods="2" coveredmethods="2" conditionals="0" coveredconditionals="0" statements="4" coveredstatements="4" elements="6" coveredelements="6"/>
        </class>
        <line num="29" type="method" name="__construct" crap="1" count="2"/>
        <line num="31" type="stmt" count="2"/>
        <line num="33" type="stmt" count="2"/>
        <line num="34" type="stmt" count="2"/>
        <line num="41" type="method" name="offset" crap="1" count="2"/>
        <line num="43" type="stmt" count="2"/>
        <metrics loc="47" ncloc="24" classes="1" methods="2" coveredmethods="2" conditionals="0" coveredconditionals="0" statements="4" coveredstatements="4" elements="6" coveredelements="6"/>
      </file>
      <file name="/home/travis/build/eloquent/typhax/src/Parser/Exception/UnexpectedTokenException.php">
        <class name="UnexpectedTokenException" namespace="Eloquent\Typhax\Parser\Exception">
          <metrics methods="3" coveredmethods="3" conditionals="0" coveredconditionals="0" statements="16" coveredstatements="16" elements="19" coveredelements="19"/>
        </class>
        <line num="29" type="method" name="__construct" crap="2" count="1"/>
        <line num="31" type="stmt" count="1"/>
        <line num="32" type="stmt" count="1"/>
        <line num="34" type="stmt" count="1"/>
        <line num="35" type="stmt" count="1"/>
        <line num="36" type="stmt" count="1"/>
        <line num="37" type="stmt" count="1"/>
        <line num="42" type="stmt" count="1"/>
        <line num="43" type="stmt" count="1"/>
        <line num="44" type="stmt" count="1"/>
        <line num="45" type="stmt" count="1"/>
        <line num="46" type="stmt" count="1"/>
        <line num="47" type="stmt" count="1"/>
        <line num="49" type="stmt" count="1"/>
        <line num="50" type="stmt" count="1"/>
        <line num="57" type="method" name="unexpected" crap="1" count="1"/>
        <line num="59" type="stmt" count="1"/>
        <line num="67" type="method" name="expected" crap="1" count="1"/>
        <line num="69" type="stmt" count="1"/>
        <metrics loc="74" ncloc="45" classes="1" methods="3" coveredmethods="3" conditionals="0" coveredconditionals="0" statements="16" coveredstatements="16" elements="19" coveredelements="19"/>
      </file>
      <file name="/home/travis/build/eloquent/typhax/src/Parser/Exception/UnsupportedAttributeException.php">
        <class name="UnsupportedAttributeException" namespace="Eloquent\Typhax\Parser\Exception">
          <metrics methods="3" coveredmethods="3" conditionals="0" coveredconditionals="0" statements="12" coveredstatements="12" elements="15" coveredelements="15"/>
        </class>
        <line num="29" type="method" name="__construct" crap="1" count="1"/>
        <line num="35" type="stmt" count="1"/>
        <line num="36" type="stmt" count="1"/>
        <line num="40" type="stmt" count="1"/>
        <line num="41" type="stmt" count="1"/>
        <line num="42" type="stmt" count="1"/>
        <line num="43" type="stmt" count="1"/>
        <line num="44" type="stmt" count="1"/>
        <line num="45" type="stmt" count="1"/>
        <line num="47" type="stmt" count="1"/>
        <line num="48" type="stmt" count="1"/>
        <line num="55" type="method" name="typeName" crap="1" count="1"/>
        <line num="57" type="stmt" count="1"/>
        <line num="65" type="method" name="attribute" crap="1" count="1"/>
        <line num="67" type="stmt" count="1"/>
        <metrics loc="72" ncloc="43" classes="1" methods="3" coveredmethods="3" conditionals="0" coveredconditionals="0" statements="12" coveredstatements="12" elements="15" coveredelements="15"/>
      </file>
    </package>
    <file name="/home/travis/build/eloquent/typhax/src/Parser/Exception/ParseException.php">
      <metrics loc="25" ncloc="9" classes="0" methods="0" coveredmethods="0" conditionals="0" coveredconditionals="0" statements="0" coveredstatements="0" elements="0" coveredelements="0"/>
    </file>
    <package name="Eloquent\Typhax\Parser">
      <file name="/home/travis/build/eloquent/typhax/src/Parser/TypeLexer.php">
        <class name="TypeLexer" namespace="Eloquent\Typhax\Parser">
          <metrics methods="4" coveredmethods="4" conditionals="0" coveredconditionals="0" statements="95" coveredstatements="95" elements="99" coveredelements="99"/>
        </class>
        <line num="27" type="method" name="tokens" crap="2" count="43"/>
        <line num="29" type="stmt" count="43"/>
        <line num="31" type="stmt" count="43"/>
        <line num="32" type="stmt" count="43"/>
        <line num="34" type="stmt" count="43"/>
        <line num="35" type="stmt" count="43"/>
        <line num="36" type="stmt" count="43"/>
        <line num="38" type="stmt" count="43"/>
        <line num="39" type="stmt" count="43"/>
        <line num="41" type="stmt" count="43"/>
        <line num="44" type="method" name="normalizeToken" crap="8" count="43"/>
        <line num="46" type="stmt" count="43"/>
        <line num="49" type="stmt" count="43"/>
        <line num="50" type="stmt" count="10"/>
        <line num="54" type="stmt" count="43"/>
        <line num="56" type="stmt" count="43"/>
        <line num="57" type="stmt" count="22"/>
        <line num="58" type="stmt" count="22"/>
        <line num="59" type="stmt" count="22"/>
        <line num="60" type="stmt" count="22"/>
        <line num="64" type="stmt" count="43"/>
        <line num="66" type="stmt" count="20"/>
        <line num="67" type="stmt" count="20"/>
        <line num="68" type="stmt" count="20"/>
        <line num="69" type="stmt" count="20"/>
        <line num="70" type="stmt" count="20"/>
        <line num="71" type="stmt" count="20"/>
        <line num="72" type="stmt" count="20"/>
        <line num="73" type="stmt" count="20"/>
        <line num="74" type="stmt" count="20"/>
        <line num="75" type="stmt" count="20"/>
        <line num="76" type="stmt" count="20"/>
        <line num="78" type="stmt" count="20"/>
        <line num="79" type="stmt" count="20"/>
        <line num="80" type="stmt" count="20"/>
        <line num="82" type="stmt" count="20"/>
        <line num="83" type="stmt" count="3"/>
        <line num="85" type="stmt" count="3"/>
        <line num="87" type="stmt" count="2"/>
        <line num="88" type="stmt" count="2"/>
        <line num="89" type="stmt" count="2"/>
        <line num="90" type="stmt" count="2"/>
        <line num="91" type="stmt" count="2"/>
        <line num="94" type="stmt" count="3"/>
        <line num="95" type="stmt" count="3"/>
        <line num="96" type="stmt" count="3"/>
        <line num="98" type="stmt" count="3"/>
        <line num="99" type="stmt" count="3"/>
        <line num="100" type="stmt" count="3"/>
        <line num="101" type="stmt" count="3"/>
        <line num="102" type="stmt" count="3"/>
        <line num="106" type="stmt" count="3"/>
        <line num="107" type="stmt" count="3"/>
        <line num="108" type="stmt" count="2"/>
        <line num="109" type="stmt" count="2"/>
        <line num="111" type="stmt" count="2"/>
        <line num="112" type="stmt" count="2"/>
        <line num="113" type="stmt" count="2"/>
        <line num="114" type="stmt" count="2"/>
        <line num="115" type="stmt" count="2"/>
        <line num="118" type="stmt" count="3"/>
        <line num="120" type="stmt" count="20"/>
        <line num="123" type="stmt" count="43"/>
        <line num="126" type="method" name="collapseQuotedStrings" crap="5" count="43"/>
        <line num="128" type="stmt" count="43"/>
        <line num="129" type="stmt" count="43"/>
        <line num="130" type="stmt" count="43"/>
        <line num="132" type="stmt" count="43"/>
        <line num="133" type="stmt" count="43"/>
        <line num="134" type="stmt" count="1"/>
        <line num="136" type="stmt" count="1"/>
        <line num="137" type="stmt" count="1"/>
        <line num="140" type="stmt" count="1"/>
        <line num="141" type="stmt" count="43"/>
        <line num="142" type="stmt" count="1"/>
        <line num="143" type="stmt" count="1"/>
        <line num="144" type="stmt" count="1"/>
        <line num="145" type="stmt" count="1"/>
        <line num="146" type="stmt" count="1"/>
        <line num="147" type="stmt" count="1"/>
        <line num="149" type="stmt" count="1"/>
        <line num="152" type="stmt" count="43"/>
        <line num="153" type="stmt" count="43"/>
        <line num="154" type="stmt" count="43"/>
        <line num="156" type="stmt" count="43"/>
        <line num="159" type="method" name="collapseConsecutiveStrings" crap="5" count="43"/>
        <line num="161" type="stmt" count="43"/>
        <line num="162" type="stmt" count="43"/>
        <line num="164" type="stmt" count="43"/>
        <line num="166" type="stmt" count="43"/>
        <line num="167" type="stmt" count="20"/>
        <line num="168" type="stmt" count="18"/>
        <line num="169" type="stmt" count="18"/>
        <line num="170" type="stmt" count="6"/>
        <line num="172" type="stmt" count="6"/>
        <line num="175" type="stmt" count="43"/>
        <line num="176" type="stmt" count="43"/>
        <line num="177" type="stmt" count="43"/>
        <line num="179" type="stmt" count="43"/>
        <metrics loc="210" ncloc="185" classes="1" methods="4" coveredmethods="4" conditionals="0" coveredconditionals="0" statements="95" coveredstatements="95" elements="99" coveredelements="99"/>
      </file>
      <file name="/home/travis/build/eloquent/typhax/src/Parser/TypeParser.php">
        <class name="TypeParser" namespace="Eloquent\Typhax\Parser">
          <metrics methods="25" coveredmethods="25" conditionals="0" coveredconditionals="0" statements="369" coveredstatements="369" elements="394" coveredelements="394"/>
        </class>
        <line num="51" type="method" name="create" crap="1" count="38"/>
        <line num="53" type="stmt" count="38"/>
        <line num="61" type="method" name="__construct" crap="1" count="38"/>
        <line num="63" type="stmt" count="38"/>
        <line num="64" type="stmt" count="38"/>
        <line num="80" type="method" name="parse" crap="1" count="35"/>
        <line num="82" type="stmt" count="35"/>
        <line num="83" type="stmt" count="35"/>
        <line num="84" type="stmt" count="27"/>
        <line num="86" type="stmt" count="27"/>
        <line num="97" type="method" name="offset" crap="4" count="35"/>
        <line num="99" type="stmt" count="35"/>
        <line num="100" type="stmt" count="1"/>
        <line num="103" type="stmt" count="34"/>
        <line num="104" type="stmt" count="1"/>
        <line num="107" type="stmt" count="34"/>
        <line num="109" type="stmt" count="34"/>
        <line num="110" type="stmt" count="33"/>
        <line num="111" type="stmt" count="33"/>
        <line num="113" type="stmt" count="34"/>
        <line num="116" type="method" name="parseTokens" crap="2" count="35"/>
        <line num="118" type="stmt" count="35"/>
        <line num="119" type="stmt" count="28"/>
        <line num="121" type="stmt" count="28"/>
        <line num="122" type="stmt" count="28"/>
        <line num="125" type="stmt" count="28"/>
        <line num="128" type="method" name="parseType" crap="8" count="35"/>
        <line num="130" type="stmt" count="35"/>
        <line num="132" type="stmt" count="35"/>
        <line num="133" type="stmt" count="35"/>
        <line num="135" type="stmt" count="35"/>
        <line num="136" type="stmt" count="35"/>
        <line num="137" type="stmt" count="35"/>
        <line num="138" type="stmt" count="35"/>
        <line num="140" type="stmt" count="35"/>
        <line num="142" type="stmt" count="33"/>
        <line num="143" type="stmt" count="16"/>
        <line num="144" type="stmt" count="16"/>
        <line num="145" type="stmt" count="16"/>
        <line num="146" type="stmt" count="33"/>
        <line num="147" type="stmt" count="4"/>
        <line num="148" type="stmt" count="4"/>
        <line num="149" type="stmt" count="4"/>
        <line num="150" type="stmt" count="4"/>
        <line num="151" type="stmt" count="17"/>
        <line num="154" type="stmt" count="30"/>
        <line num="156" type="stmt" count="30"/>
        <line num="157" type="stmt" count="8"/>
        <line num="158" type="stmt" count="1"/>
        <line num="159" type="stmt" count="1"/>
        <line num="160" type="stmt" count="1"/>
        <line num="161" type="stmt" count="1"/>
        <line num="163" type="stmt" count="1"/>
        <line num="164" type="stmt" count="1"/>
        <line num="165" type="stmt" count="1"/>
        <line num="167" type="stmt" count="1"/>
        <line num="168" type="stmt" count="1"/>
        <line num="171" type="stmt" count="7"/>
        <line num="172" type="stmt" count="7"/>
        <line num="173" type="stmt" count="7"/>
        <line num="174" type="stmt" count="7"/>
        <line num="176" type="stmt" count="5"/>
        <line num="177" type="stmt" count="5"/>
        <line num="178" type="stmt" count="1"/>
        <line num="179" type="stmt" count="1"/>
        <line num="180" type="stmt" count="1"/>
        <line num="181" type="stmt" count="1"/>
        <line num="182" type="stmt" count="1"/>
        <line num="183" type="stmt" count="1"/>
        <line num="184" type="stmt" count="1"/>
        <line num="186" type="stmt" count="5"/>
        <line num="187" type="stmt" count="7"/>
        <line num="189" type="stmt" count="5"/>
        <line num="190" type="stmt" count="1"/>
        <line num="191" type="stmt" count="1"/>
        <line num="192" type="stmt" count="1"/>
        <line num="193" type="stmt" count="4"/>
        <line num="196" type="stmt" count="5"/>
        <line num="199" type="stmt" count="28"/>
        <line num="200" type="stmt" count="1"/>
        <line num="203" type="stmt" count="28"/>
        <line num="206" type="method" name="parseTypeName" crap="22" count="17"/>
        <line num="208" type="stmt" count="17"/>
        <line num="209" type="stmt" count="17"/>
        <line num="210" type="stmt" count="17"/>
        <line num="211" type="stmt" count="17"/>
        <line num="213" type="stmt" count="17"/>
        <line num="214" type="stmt" count="6"/>
        <line num="217" type="stmt" count="11"/>
        <line num="218" type="stmt" count="3"/>
        <line num="221" type="stmt" count="8"/>
        <line num="222" type="stmt" count="2"/>
        <line num="225" type="stmt" count="6"/>
        <line num="226" type="stmt" count="6"/>
        <line num="228" type="stmt" count="6"/>
        <line num="229" type="stmt" count="6"/>
        <line num="230" type="stmt" count="1"/>
        <line num="231" type="stmt" count="5"/>
        <line num="232" type="stmt" count="5"/>
        <line num="233" type="stmt" count="3"/>
        <line num="234" type="stmt" count="5"/>
        <line num="235" type="stmt" count="5"/>
        <line num="236" type="stmt" count="2"/>
        <line num="237" type="stmt" count="5"/>
        <line num="238" type="stmt" count="5"/>
        <line num="239" type="stmt" count="5"/>
        <line num="240" type="stmt" count="2"/>
        <line num="241" type="stmt" count="5"/>
        <line num="242" type="stmt" count="3"/>
        <line num="243" type="stmt" count="3"/>
        <line num="244" type="stmt" count="4"/>
        <line num="245" type="stmt" count="3"/>
        <line num="246" type="stmt" count="1"/>
        <line num="247" type="stmt" count="3"/>
        <line num="248" type="stmt" count="1"/>
        <line num="249" type="stmt" count="1"/>
        <line num="250" type="stmt" count="1"/>
        <line num="251" type="stmt" count="1"/>
        <line num="252" type="stmt" count="3"/>
        <line num="253" type="stmt" count="1"/>
        <line num="254" type="stmt" count="3"/>
        <line num="255" type="stmt" count="1"/>
        <line num="256" type="stmt" count="3"/>
        <line num="257" type="stmt" count="1"/>
        <line num="258" type="stmt" count="1"/>
        <line num="259" type="stmt" count="1"/>
        <line num="260" type="stmt" count="1"/>
        <line num="261" type="stmt" count="1"/>
        <line num="262" type="stmt" count="1"/>
        <line num="263" type="stmt" count="2"/>
        <line num="264" type="stmt" count="2"/>
        <line num="265" type="stmt" count="1"/>
        <line num="266" type="stmt" count="1"/>
        <line num="267" type="stmt" count="1"/>
        <line num="269" type="stmt" count="1"/>
        <line num="272" type="method" name="parseExtensionType" crap="3" count="4"/>
        <line num="274" type="stmt" count="4"/>
        <line num="276" type="stmt" count="4"/>
        <line num="278" type="stmt" count="4"/>
        <line num="279" type="stmt" count="4"/>
        <line num="281" type="stmt" count="4"/>
        <line num="283" type="stmt" count="4"/>
        <line num="284" type="stmt" count="2"/>
        <line num="285" type="stmt" count="2"/>
        <line num="286" type="stmt" count="2"/>
        <line num="289" type="stmt" count="4"/>
        <line num="291" type="stmt" count="4"/>
        <line num="292" type="stmt" count="3"/>
        <line num="293" type="stmt" count="3"/>
        <line num="294" type="stmt" count="3"/>
        <line num="295" type="stmt" count="3"/>
        <line num="297" type="stmt" count="3"/>
        <line num="298" type="stmt" count="3"/>
        <line num="299" type="stmt" count="1"/>
        <line num="302" type="stmt" count="4"/>
        <line num="305" type="method" name="parseResourceType" crap="3" count="6"/>
        <line num="307" type="stmt" count="6"/>
        <line num="308" type="stmt" count="6"/>
        <line num="309" type="stmt" count="6"/>
        <line num="310" type="stmt" count="6"/>
        <line num="312" type="stmt" count="6"/>
        <line num="313" type="stmt" count="6"/>
        <line num="315" type="stmt" count="6"/>
        <line num="316" type="stmt" count="5"/>
        <line num="317" type="stmt" count="5"/>
        <line num="319" type="stmt" count="2"/>
        <line num="320" type="stmt" count="2"/>
        <line num="324" type="stmt" count="3"/>
        <line num="327" type="method" name="parseStreamType" crap="4" count="3"/>
        <line num="329" type="stmt" count="3"/>
        <line num="330" type="stmt" count="3"/>
        <line num="331" type="stmt" count="3"/>
        <line num="332" type="stmt" count="3"/>
        <line num="334" type="stmt" count="3"/>
        <line num="335" type="stmt" count="3"/>
        <line num="336" type="stmt" count="3"/>
        <line num="338" type="stmt" count="3"/>
        <line num="339" type="stmt" count="2"/>
        <line num="340" type="stmt" count="2"/>
        <line num="341" type="stmt" count="2"/>
        <line num="342" type="stmt" count="2"/>
        <line num="343" type="stmt" count="2"/>
        <line num="344" type="stmt" count="2"/>
        <line num="346" type="stmt" count="2"/>
        <line num="347" type="stmt" count="1"/>
        <line num="350" type="stmt" count="2"/>
        <line num="351" type="stmt" count="2"/>
        <line num="355" type="stmt" count="3"/>
        <line num="358" type="method" name="parseTupleType" crap="1" count="2"/>
        <line num="360" type="stmt" count="2"/>
        <line num="361" type="stmt" count="2"/>
        <line num="362" type="stmt" count="2"/>
        <line num="363" type="stmt" count="2"/>
        <line num="365" type="stmt" count="2"/>
        <line num="366" type="stmt" count="2"/>
        <line num="368" type="stmt" count="2"/>
        <line num="371" type="method" name="parseTypeList" crap="3" count="11"/>
        <line num="373" type="stmt" count="11"/>
        <line num="374" type="stmt" count="11"/>
        <line num="375" type="stmt" count="11"/>
        <line num="376" type="stmt" count="11"/>
        <line num="378" type="stmt" count="11"/>
        <line num="380" type="stmt" count="10"/>
        <line num="382" type="stmt" count="10"/>
        <line num="383" type="stmt" count="7"/>
        <line num="384" type="stmt" count="5"/>
        <line num="387" type="stmt" count="7"/>
        <line num="388" type="stmt" count="7"/>
        <line num="389" type="stmt" count="7"/>
        <line num="390" type="stmt" count="7"/>
        <line num="391" type="stmt" count="7"/>
        <line num="393" type="stmt" count="9"/>
        <line num="394" type="stmt" count="9"/>
        <line num="395" type="stmt" count="9"/>
        <line num="397" type="stmt" count="9"/>
        <line num="400" type="method" name="parseAttributes" crap="3" count="10"/>
        <line num="406" type="stmt" count="10"/>
        <line num="407" type="stmt" count="10"/>
        <line num="408" type="stmt" count="10"/>
        <line num="409" type="stmt" count="10"/>
        <line num="410" type="stmt" count="10"/>
        <line num="412" type="stmt" count="10"/>
        <line num="413" type="stmt" count="10"/>
        <line num="414" type="stmt" count="10"/>
        <line num="415" type="method" name="anonymous function" crap="3" count="9"/>
        <line num="417" type="stmt" count="9"/>
        <line num="418" type="stmt" count="9"/>
        <line num="421" type="stmt" count="9"/>
        <line num="422" type="stmt" count="6"/>
        <line num="423" type="stmt" count="6"/>
        <line num="424" type="stmt" count="2"/>
        <line num="425" type="stmt" count="2"/>
        <line num="426" type="stmt" count="2"/>
        <line num="427" type="stmt" count="2"/>
        <line num="428" type="stmt" count="2"/>
        <line num="429" type="stmt" count="2"/>
        <line num="431" type="stmt" count="7"/>
        <line num="432" type="stmt" count="10"/>
        <line num="434" type="stmt" count="7"/>
        <line num="435" type="stmt" count="7"/>
        <line num="436" type="stmt" count="7"/>
        <line num="437" type="stmt" count="7"/>
        <line num="439" type="stmt" count="7"/>
        <line num="442" type="method" name="parseValue" crap="9" count="13"/>
        <line num="444" type="stmt" count="13"/>
        <line num="446" type="stmt" count="13"/>
        <line num="447" type="stmt" count="13"/>
        <line num="449" type="stmt" count="13"/>
        <line num="450" type="stmt" count="13"/>
        <line num="451" type="stmt" count="13"/>
        <line num="452" type="stmt" count="13"/>
        <line num="453" type="stmt" count="13"/>
        <line num="454" type="stmt" count="13"/>
        <line num="455" type="stmt" count="13"/>
        <line num="456" type="stmt" count="13"/>
        <line num="457" type="stmt" count="13"/>
        <line num="458" type="stmt" count="13"/>
        <line num="460" type="stmt" count="13"/>
        <line num="462" type="stmt" count="12"/>
        <line num="463" type="stmt" count="2"/>
        <line num="466" type="stmt" count="12"/>
        <line num="467" type="stmt" count="2"/>
        <line num="470" type="stmt" count="12"/>
        <line num="471" type="stmt" count="12"/>
        <line num="473" type="stmt" count="12"/>
        <line num="474" type="stmt" count="12"/>
        <line num="475" type="stmt" count="1"/>
        <line num="476" type="stmt" count="12"/>
        <line num="477" type="stmt" count="1"/>
        <line num="478" type="stmt" count="12"/>
        <line num="479" type="stmt" count="1"/>
        <line num="480" type="stmt" count="12"/>
        <line num="481" type="stmt" count="1"/>
        <line num="482" type="stmt" count="12"/>
        <line num="483" type="stmt" count="3"/>
        <line num="484" type="stmt" count="12"/>
        <line num="485" type="stmt" count="2"/>
        <line num="486" type="stmt" count="12"/>
        <line num="488" type="stmt" count="12"/>
        <line num="491" type="method" name="parseHash" crap="2" count="3"/>
        <line num="493" type="stmt" count="3"/>
        <line num="494" type="stmt" count="3"/>
        <line num="495" type="stmt" count="3"/>
        <line num="496" type="stmt" count="3"/>
        <line num="497" type="stmt" count="3"/>
        <line num="499" type="stmt" count="3"/>
        <line num="500" type="stmt" count="1"/>
        <line num="501" type="stmt" count="1"/>
        <line num="503" type="stmt" count="1"/>
        <line num="506" type="stmt" count="3"/>
        <line num="508" type="stmt" count="3"/>
        <line num="509" type="stmt" count="3"/>
        <line num="510" type="stmt" count="3"/>
        <line num="511" type="stmt" count="3"/>
        <line num="513" type="stmt" count="3"/>
        <line num="516" type="method" name="parseHashContents" crap="4" count="13"/>
        <line num="518" type="stmt" count="13"/>
        <line num="520" type="stmt" count="13"/>
        <line num="521" type="stmt" count="13"/>
        <line num="523" type="stmt" count="12"/>
        <line num="524" type="stmt" count="9"/>
        <line num="527" type="stmt" count="10"/>
        <line num="529" type="stmt" count="10"/>
        <line num="530" type="stmt" count="10"/>
        <line num="531" type="stmt" count="10"/>
        <line num="533" type="stmt" count="10"/>
        <line num="535" type="stmt" count="10"/>
        <line num="537" type="stmt" count="10"/>
        <line num="538" type="stmt" count="10"/>
        <line num="541" type="stmt" count="4"/>
        <line num="542" type="stmt" count="4"/>
        <line num="543" type="stmt" count="4"/>
        <line num="545" type="stmt" count="10"/>
        <line num="548" type="method" name="parseArray" crap="4" count="2"/>
        <line num="550" type="stmt" count="2"/>
        <line num="551" type="stmt" count="2"/>
        <line num="552" type="stmt" count="2"/>
        <line num="553" type="stmt" count="2"/>
        <line num="554" type="stmt" count="2"/>
        <line num="557" type="stmt" count="2"/>
        <line num="558" type="stmt" count="2"/>
        <line num="560" type="stmt" count="2"/>
        <line num="561" type="stmt" count="2"/>
        <line num="562" type="stmt" count="1"/>
        <line num="563" type="stmt" count="1"/>
        <line num="565" type="stmt" count="1"/>
        <line num="568" type="stmt" count="1"/>
        <line num="570" type="stmt" count="1"/>
        <line num="571" type="stmt" count="1"/>
        <line num="572" type="stmt" count="1"/>
        <line num="574" type="stmt" count="1"/>
        <line num="575" type="stmt" count="1"/>
        <line num="578" type="stmt" count="1"/>
        <line num="579" type="stmt" count="1"/>
        <line num="580" type="stmt" count="1"/>
        <line num="582" type="stmt" count="1"/>
        <line num="583" type="stmt" count="1"/>
        <line num="584" type="stmt" count="1"/>
        <line num="585" type="stmt" count="1"/>
        <line num="587" type="stmt" count="1"/>
        <line num="590" type="method" name="parseComposite" crap="3" count="28"/>
        <line num="598" type="stmt" count="28"/>
        <line num="599" type="stmt" count="28"/>
        <line num="600" type="stmt" count="10"/>
        <line num="601" type="stmt" count="10"/>
        <line num="602" type="stmt" count="10"/>
        <line num="603" type="stmt" count="10"/>
        <line num="605" type="stmt" count="10"/>
        <line num="606" type="stmt" count="2"/>
        <line num="607" type="stmt" count="2"/>
        <line num="608" type="stmt" count="2"/>
        <line num="609" type="stmt" count="2"/>
        <line num="611" type="stmt" count="2"/>
        <line num="614" type="stmt" count="10"/>
        <line num="615" type="stmt" count="10"/>
        <line num="617" type="stmt" count="28"/>
        <line num="620" type="method" name="makeComposite" crap="3" count="10"/>
        <line num="622" type="stmt" count="10"/>
        <line num="623" type="stmt" count="4"/>
        <line num="624" type="stmt" count="4"/>
        <line num="625" type="stmt" count="8"/>
        <line num="628" type="stmt" count="10"/>
        <line num="629" type="stmt" count="3"/>
        <line num="630" type="stmt" count="3"/>
        <line num="631" type="stmt" count="3"/>
        <line num="632" type="stmt" count="10"/>
        <line num="635" type="stmt" count="10"/>
        <line num="638" type="method" name="getCompositePrecedence" crap="3" count="28"/>
        <line num="640" type="stmt" count="28"/>
        <line num="641" type="stmt" count="1"/>
        <line num="645" type="stmt" count="28"/>
        <line num="647" type="stmt" count="28"/>
        <line num="648" type="stmt" count="27"/>
        <line num="651" type="stmt" count="28"/>
        <line num="654" type="method" name="assert" crap="4" count="38"/>
        <line num="656" type="stmt" count="38"/>
        <line num="657" type="stmt" count="25"/>
        <line num="660" type="stmt" count="38"/>
        <line num="661" type="stmt" count="2"/>
        <line num="662" type="stmt" count="2"/>
        <line num="663" type="stmt" count="2"/>
        <line num="664" type="stmt" count="36"/>
        <line num="665" type="stmt" count="36"/>
        <line num="666" type="stmt" count="36"/>
        <line num="669" type="stmt" count="38"/>
        <line num="670" type="stmt" count="36"/>
        <line num="673" type="stmt" count="4"/>
        <line num="674" type="stmt" count="4"/>
        <line num="675" type="stmt" count="4"/>
        <line num="676" type="stmt" count="4"/>
        <line num="677" type="stmt" count="4"/>
        <line num="680" type="method" name="consumeWhitespace" crap="2" count="38"/>
        <line num="682" type="stmt" count="38"/>
        <line num="683" type="stmt" count="37"/>
        <line num="685" type="stmt" count="38"/>
        <line num="687" type="method" name="endReached" crap="1" count="38"/>
        <line num="689" type="stmt" count="38"/>
        <line num="692" type="method" name="currentTokenIsType" crap="2" count="38"/>
        <line num="694" type="stmt" count="38"/>
        <line num="695" type="stmt" count="38"/>
        <metrics loc="703" ncloc="654" classes="1" methods="25" coveredmethods="25" conditionals="0" coveredconditionals="0" statements="375" coveredstatements="375" elements="400" coveredelements="400"/>
      </file>
      <file name="/home/travis/build/eloquent/typhax/src/Parser/TypeToken.php">
        <class name="TypeToken" namespace="Eloquent\Typhax\Parser">
          <metrics methods="9" coveredmethods="9" conditionals="0" coveredconditionals="0" statements="38" coveredstatements="38" elements="47" coveredelements="47"/>
        </class>
        <line num="26" type="method" name="fromToken" crap="2" count="2"/>
        <line num="28" type="stmt" count="2"/>
        <line num="29" type="stmt" count="1"/>
        <line num="32" type="stmt" count="1"/>
        <line num="42" type="method" name="nameByType" crap="20" count="22"/>
        <line num="45" type="stmt" count="22"/>
        <line num="46" type="stmt" count="21"/>
        <line num="47" type="stmt" count="20"/>
        <line num="48" type="stmt" count="19"/>
        <line num="49" type="stmt" count="18"/>
        <line num="50" type="stmt" count="17"/>
        <line num="51" type="stmt" count="16"/>
        <line num="52" type="stmt" count="15"/>
        <line num="53" type="stmt" count="14"/>
        <line num="54" type="stmt" count="13"/>
        <line num="55" type="stmt" count="12"/>
        <line num="56" type="stmt" count="11"/>
        <line num="57" type="stmt" count="10"/>
        <line num="58" type="stmt" count="8"/>
        <line num="59" type="stmt" count="1"/>
        <line num="60" type="stmt" count="7"/>
        <line num="61" type="stmt" count="6"/>
        <line num="62" type="stmt" count="5"/>
        <line num="63" type="stmt" count="4"/>
        <line num="64" type="stmt" count="3"/>
        <line num="67" type="stmt" count="2"/>
        <line num="77" type="method" name="namesByType" crap="2" count="1"/>
        <line num="79" type="stmt" count="1"/>
        <line num="81" type="stmt" count="1"/>
        <line num="82" type="stmt" count="1"/>
        <line num="83" type="stmt" count="1"/>
        <line num="85" type="stmt" count="1"/>
        <line num="94" type="method" name="__construct" crap="1" count="25"/>
        <line num="96" type="stmt" count="25"/>
        <line num="97" type="stmt" count="25"/>
        <line num="98" type="stmt" count="25"/>
        <line num="105" type="method" name="type" crap="1" count="1"/>
        <line num="107" type="stmt" count="1"/>
        <line num="115" type="method" name="append" crap="1" count="1"/>
        <line num="117" type="stmt" count="1"/>
        <line num="118" type="stmt" count="1"/>
        <line num="125" type="method" name="content" crap="1" count="2"/>
        <line num="127" type="stmt" count="2"/>
        <line num="135" type="method" name="name" crap="1" count="21"/>
        <line num="137" type="stmt" count="21"/>
        <line num="145" type="method" name="isSupported" crap="1" count="21"/>
        <line num="147" type="stmt" count="21"/>
        <metrics loc="173" ncloc="110" classes="1" methods="9" coveredmethods="9" conditionals="0" coveredconditionals="0" statements="38" coveredstatements="38" elements="47" coveredelements="47"/>
      </file>
    </package>
    <package name="Eloquent\Typhax\Renderer">
      <file name="/home/travis/build/eloquent/typhax/src/Renderer/CondensedTypeRenderer.php">
        <class name="CondensedTypeRenderer" namespace="Eloquent\Typhax\Renderer">
          <metrics methods="20" coveredmethods="20" conditionals="0" coveredconditionals="0" statements="79" coveredstatements="79" elements="99" coveredelements="99"/>
        </class>
        <line num="49" type="method" name="create" crap="1" count="23"/>
        <line num="51" type="stmt" count="23"/>
        <line num="63" type="method" name="render" crap="1" count="23"/>
        <line num="65" type="stmt" count="23"/>
        <line num="75" type="method" name="visitAndType" crap="2" count="1"/>
        <line num="77" type="stmt" count="1"/>
        <line num="79" type="stmt" count="1"/>
        <line num="80" type="stmt" count="1"/>
        <line num="81" type="stmt" count="1"/>
        <line num="83" type="stmt" count="1"/>
        <line num="93" type="method" name="visitArrayType" crap="1" count="8"/>
        <line num="95" type="stmt" count="8"/>
        <line num="105" type="method" name="visitBooleanType" crap="1" count="2"/>
        <line num="107" type="stmt" count="2"/>
        <line num="117" type="method" name="visitCallableType" crap="1" count="2"/>
        <line num="119" type="stmt" count="2"/>
        <line num="129" type="method" name="visitExtensionType" crap="5" count="4"/>
        <line num="131" type="stmt" count="4"/>
        <line num="133" type="stmt" count="4"/>
        <line num="134" type="stmt" count="2"/>
        <line num="136" type="stmt" count="2"/>
        <line num="137" type="stmt" count="2"/>
        <line num="138" type="stmt" count="2"/>
        <line num="140" type="stmt" count="2"/>
        <line num="143" type="stmt" count="4"/>
        <line num="144" type="stmt" count="2"/>
        <line num="146" type="stmt" count="2"/>
        <line num="147" type="stmt" count="2"/>
        <line num="148" type="stmt" count="2"/>
        <line num="150" type="stmt" count="2"/>
        <line num="153" type="stmt" count="4"/>
        <line num="163" type="method" name="visitFloatType" crap="1" count="2"/>
        <line num="165" type="stmt" count="2"/>
        <line num="175" type="method" name="visitIntegerType" crap="1" count="4"/>
        <line num="177" type="stmt" count="4"/>
        <line num="187" type="method" name="visitMixedType" crap="1" count="7"/>
        <line num="189" type="stmt" count="7"/>
        <line num="199" type="method" name="visitNullType" crap="1" count="1"/>
        <line num="201" type="stmt" count="1"/>
        <line num="211" type="method" name="visitNumericType" crap="1" count="1"/>
        <line num="213" type="stmt" count="1"/>
        <line num="223" type="method" name="visitObjectType" crap="2" count="5"/>
        <line num="225" type="stmt" count="5"/>
        <line num="226" type="stmt" count="4"/>
        <line num="229" type="stmt" count="1"/>
        <line num="239" type="method" name="visitOrType" crap="2" count="1"/>
        <line num="241" type="stmt" count="1"/>
        <line num="243" type="stmt" count="1"/>
        <line num="244" type="stmt" count="1"/>
        <line num="245" type="stmt" count="1"/>
        <line num="247" type="stmt" count="1"/>
        <line num="257" type="method" name="visitResourceType" crap="2" count="2"/>
        <line num="259" type="stmt" count="2"/>
        <line num="260" type="stmt" count="2"/>
        <line num="262" type="stmt" count="1"/>
        <line num="265" type="stmt" count="2"/>
        <line num="275" type="method" name="visitStreamType" crap="7" count="6"/>
        <line num="277" type="stmt" count="6"/>
        <line num="279" type="stmt" count="6"/>
        <line num="280" type="stmt" count="3"/>
        <line num="281" type="stmt" count="2"/>
        <line num="282" type="stmt" count="2"/>
        <line num="283" type="stmt" count="1"/>
        <line num="287" type="stmt" count="6"/>
        <line num="288" type="stmt" count="3"/>
        <line num="289" type="stmt" count="1"/>
        <line num="292" type="stmt" count="3"/>
        <line num="293" type="stmt" count="2"/>
        <line num="294" type="stmt" count="2"/>
        <line num="295" type="stmt" count="1"/>
        <line num="299" type="stmt" count="6"/>
        <line num="300" type="stmt" count="5"/>
        <line num="301" type="stmt" count="5"/>
        <line num="303" type="stmt" count="5"/>
        <line num="306" type="stmt" count="6"/>
        <line num="316" type="method" name="visitStringType" crap="1" count="4"/>
        <line num="318" type="stmt" count="4"/>
        <line num="328" type="method" name="visitStringableType" crap="1" count="1"/>
        <line num="330" type="stmt" count="1"/>
        <line num="340" type="method" name="visitTraversableType" crap="5" count="9"/>
        <line num="342" type="stmt" count="9"/>
        <line num="344" type="stmt" count="9"/>
        <line num="346" type="stmt" count="9"/>
        <line num="347" type="stmt" count="5"/>
        <line num="348" type="stmt" count="5"/>
        <line num="349" type="stmt" count="5"/>
        <line num="350" type="stmt" count="4"/>
        <line num="351" type="stmt" count="2"/>
        <line num="352" type="stmt" count="2"/>
        <line num="353" type="stmt" count="3"/>
        <line num="356" type="stmt" count="9"/>
        <line num="357" type="stmt" count="1"/>
        <line num="360" type="stmt" count="8"/>
        <line num="370" type="method" name="visitTupleType" crap="2" count="1"/>
        <line num="372" type="stmt" count="1"/>
        <line num="374" type="stmt" count="1"/>
        <line num="375" type="stmt" count="1"/>
        <line num="376" type="stmt" count="1"/>
        <line num="378" type="stmt" count="1"/>
        <metrics loc="380" ncloc="225" classes="1" methods="20" coveredmethods="20" conditionals="0" coveredconditionals="0" statements="79" coveredstatements="79" elements="99" coveredelements="99"/>
      </file>
    </package>
    <file name="/home/travis/build/eloquent/typhax/src/Renderer/TypeRenderer.php">
      <metrics loc="33" ncloc="11" classes="0" methods="0" coveredmethods="0" conditionals="0" coveredconditionals="0" statements="0" coveredstatements="0" elements="0" coveredelements="0"/>
    </file>
    <package name="Eloquent\Typhax\Type">
      <file name="/home/travis/build/eloquent/typhax/src/Type/AndType.php">
        <class name="AndType" namespace="Eloquent\Typhax\Type">
          <metrics methods="3" coveredmethods="3" conditionals="0" coveredconditionals="0" statements="4" coveredstatements="4" elements="7" coveredelements="7"/>
        </class>
        <line num="26" type="method" name="__construct" crap="1" count="1"/>
        <line num="28" type="stmt" count="1"/>
        <line num="29" type="stmt" count="1"/>
        <line num="38" type="method" name="types" crap="1" count="1"/>
        <line num="40" type="stmt" count="1"/>
        <line num="52" type="method" name="accept" crap="1" count="1"/>
        <line num="54" type="stmt" count="1"/>
        <metrics loc="58" ncloc="24" classes="1" methods="3" coveredmethods="3" conditionals="0" coveredconditionals="0" statements="4" coveredstatements="4" elements="7" coveredelements="7"/>
      </file>
      <file name="/home/travis/build/eloquent/typhax/src/Type/ArrayType.php">
        <class name="ArrayType" namespace="Eloquent\Typhax\Type">
          <metrics methods="1" coveredmethods="1" conditionals="0" coveredconditionals="0" statements="1" coveredstatements="1" elements="2" coveredelements="2"/>
        </class>
        <line num="30" type="method" name="accept" crap="1" count="1"/>
        <line num="32" type="stmt" count="1"/>
        <metrics loc="34" ncloc="12" classes="1" methods="1" coveredmethods="1" conditionals="0" coveredconditionals="0" statements="1" coveredstatements="1" elements="2" coveredelements="2"/>
      </file>
      <file name="/home/travis/build/eloquent/typhax/src/Type/BooleanType.php">
        <class name="BooleanType" namespace="Eloquent\Typhax\Type">
          <metrics methods="1" coveredmethods="1" conditionals="0" coveredconditionals="0" statements="1" coveredstatements="1" elements="2" coveredelements="2"/>
        </class>
        <line num="30" type="method" name="accept" crap="1" count="1"/>
        <line num="32" type="stmt" count="1"/>
        <metrics loc="34" ncloc="12" classes="1" methods="1" coveredmethods="1" conditionals="0" coveredconditionals="0" statements="1" coveredstatements="1" elements="2" coveredelements="2"/>
      </file>
      <file name="/home/travis/build/eloquent/typhax/src/Type/CallableType.php">
        <class name="CallableType" namespace="Eloquent\Typhax\Type">
          <metrics methods="1" coveredmethods="1" conditionals="0" coveredconditionals="0" statements="1" coveredstatements="1" elements="2" coveredelements="2"/>
        </class>
        <line num="30" type="method" name="accept" crap="1" count="1"/>
        <line num="32" type="stmt" count="1"/>
        <metrics loc="34" ncloc="12" classes="1" methods="1" coveredmethods="1" conditionals="0" coveredconditionals="0" statements="1" coveredstatements="1" elements="2" coveredelements="2"/>
      </file>
      <file name="/home/travis/build/eloquent/typhax/src/Type/ExtensionType.php">
        <class name="ExtensionType" namespace="Eloquent\Typhax\Type">
          <metrics methods="5" coveredmethods="5" conditionals="0" coveredconditionals="0" statements="8" coveredstatements="8" elements="13" coveredelements="13"/>
        </class>
        <line num="28" type="method" name="__construct" crap="1" count="1"/>
        <line num="30" type="stmt" count="1"/>
        <line num="31" type="stmt" count="1"/>
        <line num="32" type="stmt" count="1"/>
        <line num="33" type="stmt" count="1"/>
        <line num="42" type="method" name="className" crap="1" count="1"/>
        <line num="44" type="stmt" count="1"/>
        <line num="54" type="method" name="types" crap="1" count="1"/>
        <line num="56" type="stmt" count="1"/>
        <line num="66" type="method" name="attributes" crap="1" count="1"/>
        <line num="68" type="stmt" count="1"/>
        <line num="80" type="method" name="accept" crap="1" count="1"/>
        <line num="82" type="stmt" count="1"/>
        <metrics loc="88" ncloc="38" classes="1" methods="5" coveredmethods="5" conditionals="0" coveredconditionals="0" statements="8" coveredstatements="8" elements="13" coveredelements="13"/>
      </file>
      <file name="/home/travis/build/eloquent/typhax/src/Type/FloatType.php">
        <class name="FloatType" namespace="Eloquent\Typhax\Type">
          <metrics methods="1" coveredmethods="1" conditionals="0" coveredconditionals="0" statements="1" coveredstatements="1" elements="2" coveredelements="2"/>
        </class>
        <line num="30" type="method" name="accept" crap="1" count="1"/>
        <line num="32" type="stmt" count="1"/>
        <metrics loc="34" ncloc="12" classes="1" methods="1" coveredmethods="1" conditionals="0" coveredconditionals="0" statements="1" coveredstatements="1" elements="2" coveredelements="2"/>
      </file>
      <file name="/home/travis/build/eloquent/typhax/src/Type/IntegerType.php">
        <class name="IntegerType" namespace="Eloquent\Typhax\Type">
          <metrics methods="1" coveredmethods="1" conditionals="0" coveredconditionals="0" statements="1" coveredstatements="1" elements="2" coveredelements="2"/>
        </class>
        <line num="30" type="method" name="accept" crap="1" count="1"/>
        <line num="32" type="stmt" count="1"/>
        <metrics loc="34" ncloc="12" classes="1" methods="1" coveredmethods="1" conditionals="0" coveredconditionals="0" statements="1" coveredstatements="1" elements="2" coveredelements="2"/>
      </file>
      <file name="/home/travis/build/eloquent/typhax/src/Type/MixedType.php">
        <class name="MixedType" namespace="Eloquent\Typhax\Type">
          <metrics methods="1" coveredmethods="1" conditionals="0" coveredconditionals="0" statements="1" coveredstatements="1" elements="2" coveredelements="2"/>
        </class>
        <line num="30" type="method" name="accept" crap="1" count="1"/>
        <line num="32" type="stmt" count="1"/>
        <metrics loc="34" ncloc="12" classes="1" methods="1" coveredmethods="1" conditionals="0" coveredconditionals="0" statements="1" coveredstatements="1" elements="2" coveredelements="2"/>
      </file>
      <file name="/home/travis/build/eloquent/typhax/src/Type/NullType.php">
        <class name="NullType" namespace="Eloquent\Typhax\Type">
          <metrics methods="1" coveredmethods="1" conditionals="0" coveredconditionals="0" statements="1" coveredstatements="1" elements="2" coveredelements="2"/>
        </class>
        <line num="30" type="method" name="accept" crap="1" count="1"/>
        <line num="32" type="stmt" count="1"/>
        <metrics loc="34" ncloc="12" classes="1" methods="1" coveredmethods="1" conditionals="0" coveredconditionals="0" statements="1" coveredstatements="1" elements="2" coveredelements="2"/>
      </file>
      <file name="/home/travis/build/eloquent/typhax/src/Type/NumericType.php">
        <class name="NumericType" namespace="Eloquent\Typhax\Type">
          <metrics methods="1" coveredmethods="1" conditionals="0" coveredconditionals="0" statements="1" coveredstatements="1" elements="2" coveredelements="2"/>
        </class>
        <line num="30" type="method" name="accept" crap="1" count="1"/>
        <line num="32" type="stmt" count="1"/>
        <metrics loc="34" ncloc="12" classes="1" methods="1" coveredmethods="1" conditionals="0" coveredconditionals="0" statements="1" coveredstatements="1" elements="2" coveredelements="2"/>
      </file>
      <file name="/home/travis/build/eloquent/typhax/src/Type/ObjectType.php">
        <class name="ObjectType" namespace="Eloquent\Typhax\Type">
          <metrics methods="3" coveredmethods="3" conditionals="0" coveredconditionals="0" statements="4" coveredstatements="4" elements="7" coveredelements="7"/>
        </class>
        <line num="26" type="method" name="__construct" crap="1" count="2"/>
        <line num="28" type="stmt" count="2"/>
        <line num="29" type="stmt" count="2"/>
        <line num="38" type="method" name="ofType" crap="1" count="2"/>
        <line num="40" type="stmt" count="2"/>
        <line num="52" type="method" name="accept" crap="1" count="1"/>
        <line num="54" type="stmt" count="1"/>
        <metrics loc="58" ncloc="24" classes="1" methods="3" coveredmethods="3" conditionals="0" coveredconditionals="0" statements="4" coveredstatements="4" elements="7" coveredelements="7"/>
      </file>
      <file name="/home/travis/build/eloquent/typhax/src/Type/OrType.php">
        <class name="OrType" namespace="Eloquent\Typhax\Type">
          <metrics methods="3" coveredmethods="3" conditionals="0" coveredconditionals="0" statements="4" coveredstatements="4" elements="7" coveredelements="7"/>
        </class>
        <line num="26" type="method" name="__construct" crap="1" count="1"/>
        <line num="28" type="stmt" count="1"/>
        <line num="29" type="stmt" count="1"/>
        <line num="36" type="method" name="types" crap="1" count="1"/>
        <line num="38" type="stmt" count="1"/>
        <line num="48" type="method" name="accept" crap="1" count="1"/>
        <line num="50" type="stmt" count="1"/>
        <metrics loc="54" ncloc="24" classes="1" methods="3" coveredmethods="3" conditionals="0" coveredconditionals="0" statements="4" coveredstatements="4" elements="7" coveredelements="7"/>
      </file>
      <file name="/home/travis/build/eloquent/typhax/src/Type/ResourceType.php">
        <class name="ResourceType" namespace="Eloquent\Typhax\Type">
          <metrics methods="3" coveredmethods="3" conditionals="0" coveredconditionals="0" statements="4" coveredstatements="4" elements="7" coveredelements="7"/>
        </class>
        <line num="26" type="method" name="__construct" crap="1" count="1"/>
        <line num="28" type="stmt" count="1"/>
        <line num="29" type="stmt" count="1"/>
        <line num="38" type="method" name="ofType" crap="1" count="1"/>
        <line num="40" type="stmt" count="1"/>
        <line num="52" type="method" name="accept" crap="1" count="1"/>
        <line num="54" type="stmt" count="1"/>
        <metrics loc="58" ncloc="24" classes="1" methods="3" coveredmethods="3" conditionals="0" coveredconditionals="0" statements="4" coveredstatements="4" elements="7" coveredelements="7"/>
      </file>
      <file name="/home/travis/build/eloquent/typhax/src/Type/StreamType.php">
        <class name="StreamType" namespace="Eloquent\Typhax\Type">
          <metrics methods="4" coveredmethods="4" conditionals="0" coveredconditionals="0" statements="6" coveredstatements="6" elements="10" coveredelements="10"/>
        </class>
        <line num="27" type="method" name="__construct" crap="1" count="1"/>
        <line num="29" type="stmt" count="1"/>
        <line num="30" type="stmt" count="1"/>
        <line num="31" type="stmt" count="1"/>
        <line num="40" type="method" name="readable" crap="1" count="1"/>
        <line num="42" type="stmt" count="1"/>
        <line num="52" type="method" name="writable" crap="1" count="1"/>
        <line num="54" type="stmt" count="1"/>
        <line num="66" type="method" name="accept" crap="1" count="1"/>
        <line num="68" type="stmt" count="1"/>
        <metrics loc="73" ncloc="31" classes="1" methods="4" coveredmethods="4" conditionals="0" coveredconditionals="0" statements="6" coveredstatements="6" elements="10" coveredelements="10"/>
      </file>
      <file name="/home/travis/build/eloquent/typhax/src/Type/StringType.php">
        <class name="StringType" namespace="Eloquent\Typhax\Type">
          <metrics methods="1" coveredmethods="1" conditionals="0" coveredconditionals="0" statements="1" coveredstatements="1" elements="2" coveredelements="2"/>
        </class>
        <line num="30" type="method" name="accept" crap="1" count="1"/>
        <line num="32" type="stmt" count="1"/>
        <metrics loc="34" ncloc="12" classes="1" methods="1" coveredmethods="1" conditionals="0" coveredconditionals="0" statements="1" coveredstatements="1" elements="2" coveredelements="2"/>
      </file>
      <file name="/home/travis/build/eloquent/typhax/src/Type/StringableType.php">
        <class name="StringableType" namespace="Eloquent\Typhax\Type">
          <metrics methods="1" coveredmethods="1" conditionals="0" coveredconditionals="0" statements="1" coveredstatements="1" elements="2" coveredelements="2"/>
        </class>
        <line num="30" type="method" name="accept" crap="1" count="1"/>
        <line num="32" type="stmt" count="1"/>
        <metrics loc="34" ncloc="12" classes="1" methods="1" coveredmethods="1" conditionals="0" coveredconditionals="0" statements="1" coveredstatements="1" elements="2" coveredelements="2"/>
      </file>
      <file name="/home/travis/build/eloquent/typhax/src/Type/TraversableType.php">
        <class name="TraversableType" namespace="Eloquent\Typhax\Type">
          <metrics methods="5" coveredmethods="5" conditionals="0" coveredconditionals="0" statements="8" coveredstatements="8" elements="13" coveredelements="13"/>
        </class>
        <line num="28" type="method" name="__construct" crap="1" count="4"/>
        <line num="33" type="stmt" count="4"/>
        <line num="34" type="stmt" count="4"/>
        <line num="35" type="stmt" count="4"/>
        <line num="36" type="stmt" count="4"/>
        <line num="45" type="method" name="primaryType" crap="1" count="1"/>
        <line num="47" type="stmt" count="1"/>
        <line num="57" type="method" name="keyType" crap="1" count="2"/>
        <line num="59" type="stmt" count="2"/>
        <line num="69" type="method" name="valueType" crap="1" count="1"/>
        <line num="71" type="stmt" count="1"/>
        <line num="83" type="method" name="accept" crap="1" count="1"/>
        <line num="85" type="stmt" count="1"/>
        <metrics loc="91" ncloc="41" classes="1" methods="5" coveredmethods="5" conditionals="0" coveredconditionals="0" statements="8" coveredstatements="8" elements="13" coveredelements="13"/>
      </file>
      <file name="/home/travis/build/eloquent/typhax/src/Type/TupleType.php">
        <class name="TupleType" namespace="Eloquent\Typhax\Type">
          <metrics methods="3" coveredmethods="3" conditionals="0" coveredconditionals="0" statements="4" coveredstatements="4" elements="7" coveredelements="7"/>
        </class>
        <line num="26" type="method" name="__construct" crap="1" count="1"/>
        <line num="28" type="stmt" count="1"/>
        <line num="29" type="stmt" count="1"/>
        <line num="38" type="method" name="types" crap="1" count="1"/>
        <line num="40" type="stmt" count="1"/>
        <line num="52" type="method" name="accept" crap="1" count="1"/>
        <line num="54" type="stmt" count="1"/>
        <metrics loc="58" ncloc="24" classes="1" methods="3" coveredmethods="3" conditionals="0" coveredconditionals="0" statements="4" coveredstatements="4" elements="7" coveredelements="7"/>
      </file>
    </package>
    <file name="/home/travis/build/eloquent/typhax/src/Type/TraversablePrimaryType.php">
      <metrics loc="21" ncloc="8" classes="0" methods="0" coveredmethods="0" conditionals="0" coveredconditionals="0" statements="0" coveredstatements="0" elements="0" coveredelements="0"/>
    </file>
    <file name="/home/travis/build/eloquent/typhax/src/Type/Type.php">
      <metrics loc="31" ncloc="9" classes="0" methods="0" coveredmethods="0" conditionals="0" coveredconditionals="0" statements="0" coveredstatements="0" elements="0" coveredelements="0"/>
    </file>
    <file name="/home/travis/build/eloquent/typhax/src/Type/TypeVisitor.php">
      <metrics loc="218" ncloc="43" classes="0" methods="0" coveredmethods="0" conditionals="0" coveredconditionals="0" statements="0" coveredstatements="0" elements="0" coveredelements="0"/>
    </file>
    <metrics files="32" loc="3404" ncloc="2074" classes="27" methods="133" coveredmethods="133" conditionals="0" coveredconditionals="0" statements="796" coveredstatements="796" elements="929" coveredelements="929"/>
  </project>
</coverage>
