<?xml version="1.0" encoding="UTF-8"?>
<testsuites>
  <testsuite name="" tests="195" assertions="329" failures="0" errors="0" time="4.129735">
    <testsuite name="Eloquent\Typhax\Comparator\TypeEquivalenceComparatorTest" file="/home/travis/build/eloquent/typhax/test/suite/Comparator/TypeEquivalenceComparatorTest.php" tests="31" assertions="61" failures="0" errors="0" time="0.350110">
      <testsuite name="Eloquent\Typhax\Comparator\TypeEquivalenceComparatorTest::testCompareAndEquivalent" tests="30" assertions="60" failures="0" errors="0" time="0.330313">
        <testcase name="testCompareAndEquivalent with data set &quot;Single type equivalence&quot;" assertions="2" time="0.011805"/>
        <testcase name="testCompareAndEquivalent with data set &quot;Single type non-equivalence&quot;" assertions="2" time="0.006931"/>
        <testcase name="testCompareAndEquivalent with data set &quot;Out-of order with duplicates AND equivalence&quot;" assertions="2" time="0.010662"/>
        <testcase name="testCompareAndEquivalent with data set &quot;Out-of order AND non-equivalence 1&quot;" assertions="2" time="0.009297"/>
        <testcase name="testCompareAndEquivalent with data set &quot;Out-of order AND non-equivalence 2&quot;" assertions="2" time="0.007520"/>
        <testcase name="testCompareAndEquivalent with data set &quot;Out-of order AND non-equivalence 3&quot;" assertions="2" time="0.008207"/>
        <testcase name="testCompareAndEquivalent with data set &quot;Out-of order with duplicates OR equivalence&quot;" assertions="2" time="0.109612"/>
        <testcase name="testCompareAndEquivalent with data set &quot;Traversable equivalence&quot;" assertions="2" time="0.007981"/>
        <testcase name="testCompareAndEquivalent with data set &quot;Traversable primary non equivalence&quot;" assertions="2" time="0.006773"/>
        <testcase name="testCompareAndEquivalent with data set &quot;Traversable key non equivalence&quot;" assertions="2" time="0.007613"/>
        <testcase name="testCompareAndEquivalent with data set &quot;Traversable key non equivalence (left omitted)&quot;" assertions="2" time="0.007101"/>
        <testcase name="testCompareAndEquivalent with data set &quot;Traversable key non equivalence (right omitted)&quot;" assertions="2" time="0.007227"/>
        <testcase name="testCompareAndEquivalent with data set &quot;Traversable value non equivalence&quot;" assertions="2" time="0.008138"/>
        <testcase name="testCompareAndEquivalent with data set &quot;Traversable and non-traversable non equivalence&quot;" assertions="2" time="0.006408"/>
        <testcase name="testCompareAndEquivalent with data set &quot;Tuple equivalence&quot;" assertions="2" time="0.008031"/>
        <testcase name="testCompareAndEquivalent with data set &quot;Tuple non equivalence&quot;" assertions="2" time="0.007521"/>
        <testcase name="testCompareAndEquivalent with data set &quot;Tuple and non-tuple non equivalence&quot;" assertions="2" time="0.006432"/>
        <testcase name="testCompareAndEquivalent with data set &quot;Composite and non-composite non equivalence&quot;" assertions="2" time="0.006398"/>
        <testcase name="testCompareAndEquivalent with data set &quot;Stream type readable non-equivalence&quot;" assertions="2" time="0.006657"/>
        <testcase name="testCompareAndEquivalent with data set &quot;Stream type writable non-equivalence&quot;" assertions="2" time="0.007075"/>
        <testcase name="testCompareAndEquivalent with data set &quot;Attribute null and non-null non-equivalence 1&quot;" assertions="2" time="0.006722"/>
        <testcase name="testCompareAndEquivalent with data set &quot;Attribute null and non-null non-equivalence 2&quot;" assertions="2" time="0.006593"/>
        <testcase name="testCompareAndEquivalent with data set &quot;Extension type equivalence&quot;" assertions="2" time="0.007459"/>
        <testcase name="testCompareAndEquivalent with data set &quot;Extension type non-equivalence (different type)&quot;" assertions="2" time="0.006375"/>
        <testcase name="testCompareAndEquivalent with data set &quot;Extension type non-equivalence (different class name)&quot;" assertions="2" time="0.006699"/>
        <testcase name="testCompareAndEquivalent with data set &quot;Extension type non-equivalence (different types)&quot;" assertions="2" time="0.007400"/>
        <testcase name="testCompareAndEquivalent with data set &quot;Extension type non-equivalence (&lt; attribute values)&quot;" assertions="2" time="0.007759"/>
        <testcase name="testCompareAndEquivalent with data set &quot;Extension type non-equivalence (&gt; attribute values)&quot;" assertions="2" time="0.007932"/>
        <testcase name="testCompareAndEquivalent with data set &quot;Extension type non-equivalence (&lt; attribute keys)&quot;" assertions="2" time="0.007952"/>
        <testcase name="testCompareAndEquivalent with data set &quot;Extension type non-equivalence (&gt; attribute keys)&quot;" assertions="2" time="0.008034"/>
      </testsuite>
      <testcase name="testSort" class="Eloquent\Typhax\Comparator\TypeEquivalenceComparatorTest" file="/home/travis/build/eloquent/typhax/test/suite/Comparator/TypeEquivalenceComparatorTest.php" line="350" assertions="1" time="0.019797"/>
    </testsuite>
    <testsuite name="Eloquent\Typhax\DocumentationTest" file="/home/travis/build/eloquent/typhax/test/suite/DocumentationTest.php" tests="2" assertions="3" failures="0" errors="0" time="0.044680">
      <testcase name="testParserUsage" class="Eloquent\Typhax\DocumentationTest" file="/home/travis/build/eloquent/typhax/test/suite/DocumentationTest.php" line="24" assertions="2" time="0.019768"/>
      <testcase name="testComparatorUsage" class="Eloquent\Typhax\DocumentationTest" file="/home/travis/build/eloquent/typhax/test/suite/DocumentationTest.php" line="36" assertions="1" time="0.024912"/>
    </testsuite>
    <testsuite name="Eloquent\Typhax\Parser\Exception\UnexpectedTokenExceptionTest" file="/home/travis/build/eloquent/typhax/test/suite/Parser/Exception/UnexpectedTokenExceptionTest.php" tests="1" assertions="10" failures="0" errors="0" time="0.009887">
      <testcase name="testException" class="Eloquent\Typhax\Parser\Exception\UnexpectedTokenExceptionTest" file="/home/travis/build/eloquent/typhax/test/suite/Parser/Exception/UnexpectedTokenExceptionTest.php" line="23" assertions="10" time="0.009887"/>
    </testsuite>
    <testsuite name="Eloquent\Typhax\Parser\Exception\UnsupportedAttributeExceptionTest" file="/home/travis/build/eloquent/typhax/test/suite/Parser/Exception/UnsupportedAttributeExceptionTest.php" tests="1" assertions="5" failures="0" errors="0" time="0.007495">
      <testcase name="testException" class="Eloquent\Typhax\Parser\Exception\UnsupportedAttributeExceptionTest" file="/home/travis/build/eloquent/typhax/test/suite/Parser/Exception/UnsupportedAttributeExceptionTest.php" line="23" assertions="5" time="0.007495"/>
    </testsuite>
    <testsuite name="Eloquent\Typhax\Parser\TypeLexerTest" file="/home/travis/build/eloquent/typhax/test/suite/Parser/TypeLexerTest.php" tests="43" assertions="43" failures="0" errors="0" time="1.483044">
      <testsuite name="Eloquent\Typhax\Parser\TypeLexerTest::testIntrinsicTypesNames" tests="21" assertions="21" failures="0" errors="0" time="0.231570">
        <testcase name="testIntrinsicTypesNames with data set #0" assertions="1" time="0.018242"/>
        <testcase name="testIntrinsicTypesNames with data set #1" assertions="1" time="0.010530"/>
        <testcase name="testIntrinsicTypesNames with data set #2" assertions="1" time="0.010341"/>
        <testcase name="testIntrinsicTypesNames with data set #3" assertions="1" time="0.010251"/>
        <testcase name="testIntrinsicTypesNames with data set #4" assertions="1" time="0.010415"/>
        <testcase name="testIntrinsicTypesNames with data set #5" assertions="1" time="0.010995"/>
        <testcase name="testIntrinsicTypesNames with data set #6" assertions="1" time="0.010309"/>
        <testcase name="testIntrinsicTypesNames with data set #7" assertions="1" time="0.010663"/>
        <testcase name="testIntrinsicTypesNames with data set #8" assertions="1" time="0.010341"/>
        <testcase name="testIntrinsicTypesNames with data set #9" assertions="1" time="0.010731"/>
        <testcase name="testIntrinsicTypesNames with data set #10" assertions="1" time="0.010053"/>
        <testcase name="testIntrinsicTypesNames with data set #11" assertions="1" time="0.010298"/>
        <testcase name="testIntrinsicTypesNames with data set #12" assertions="1" time="0.010157"/>
        <testcase name="testIntrinsicTypesNames with data set #13" assertions="1" time="0.013266"/>
        <testcase name="testIntrinsicTypesNames with data set #14" assertions="1" time="0.010361"/>
        <testcase name="testIntrinsicTypesNames with data set #15" assertions="1" time="0.011298"/>
        <testcase name="testIntrinsicTypesNames with data set #16" assertions="1" time="0.010450"/>
        <testcase name="testIntrinsicTypesNames with data set #17" assertions="1" time="0.010732"/>
        <testcase name="testIntrinsicTypesNames with data set #18" assertions="1" time="0.010391"/>
        <testcase name="testIntrinsicTypesNames with data set #19" assertions="1" time="0.010922"/>
        <testcase name="testIntrinsicTypesNames with data set #20" assertions="1" time="0.010824"/>
      </testsuite>
      <testsuite name="Eloquent\Typhax\Parser\TypeLexerTest::testTokens" tests="21" assertions="21" failures="0" errors="0" time="1.206769">
        <testcase name="testTokens with data set &quot;Basic type&quot;" assertions="1" time="0.010712"/>
        <testcase name="testTokens with data set &quot;Type with sub-type&quot;" assertions="1" time="0.022713"/>
        <testcase name="testTokens with data set &quot;Type with multiple sub-types&quot;" assertions="1" time="0.045299"/>
        <testcase name="testTokens with data set &quot;Composite OR type&quot;" assertions="1" time="0.018577"/>
        <testcase name="testTokens with data set &quot;Composite AND type&quot;" assertions="1" time="0.018839"/>
        <testcase name="testTokens with data set &quot;Treatment of unsupported tokens as strings&quot;" assertions="1" time="0.013236"/>
        <testcase name="testTokens with data set &quot;Dynamic type with basic attributes and quoted strings&quot;" assertions="1" time="0.065009"/>
        <testcase name="testTokens with data set &quot;Dynamic type with array attributes&quot;" assertions="1" time="0.127975"/>
        <testcase name="testTokens with data set &quot;Nested array&quot;" assertions="1" time="0.050298"/>
        <testcase name="testTokens with data set &quot;Nested hash&quot;" assertions="1" time="0.078829"/>
        <testcase name="testTokens with data set &quot;Treatment of numbers&quot;" assertions="1" time="0.020852"/>
        <testcase name="testTokens with data set &quot;Treatment of booleans and nulls&quot;" assertions="1" time="0.059817"/>
        <testcase name="testTokens with data set &quot;Treatment of unsupported tokens containing supported tokens&quot;" assertions="1" time="0.314750"/>
        <testcase name="testTokens with data set &quot;Treatment of quoted strings containing variables etc.&quot;" assertions="1" time="0.093138"/>
        <testcase name="testTokens with data set &quot;Nested sub-types&quot;" assertions="1" time="0.057000"/>
        <testcase name="testTokens with data set &quot;Type with attributes and subtypes&quot;" assertions="1" time="0.055039"/>
        <testcase name="testTokens with data set &quot;Namespaced type name&quot;" assertions="1" time="0.015560"/>
        <testcase name="testTokens with data set &quot;Basic extension type&quot;" assertions="1" time="0.014997"/>
        <testcase name="testTokens with data set &quot;Namespaced extension type&quot;" assertions="1" time="0.018985"/>
        <testcase name="testTokens with data set &quot;Namespaced extension type with attributes&quot;" assertions="1" time="0.040758"/>
        <testcase name="testTokens with data set &quot;Namespaced extension type with subtypes and attributes&quot;" assertions="1" time="0.064386"/>
      </testsuite>
      <testcase name="testTokensWithNonZeroOffset" class="Eloquent\Typhax\Parser\TypeLexerTest" file="/home/travis/build/eloquent/typhax/test/suite/Parser/TypeLexerTest.php" line="426" assertions="1" time="0.044705"/>
    </testsuite>
    <testsuite name="Eloquent\Typhax\Parser\TypeParserTest" file="/home/travis/build/eloquent/typhax/test/suite/Parser/TypeParserTest.php" tests="38" assertions="75" failures="0" errors="0" time="0.965512">
      <testsuite name="Eloquent\Typhax\Parser\TypeParserTest::testParser" tests="26" assertions="52" failures="0" errors="0" time="0.701278">
        <testcase name="testParser with data set &quot;Basic example&quot;" assertions="2" time="0.013373"/>
        <testcase name="testParser with data set &quot;Simple traversable 1&quot;" assertions="2" time="0.023317"/>
        <testcase name="testParser with data set &quot;Simple traversable 2&quot;" assertions="2" time="0.028283"/>
        <testcase name="testParser with data set &quot;Nested subtypes&quot;" assertions="2" time="0.041134"/>
        <testcase name="testParser with data set &quot;Basic composite OR&quot;" assertions="2" time="0.020706"/>
        <testcase name="testParser with data set &quot;Basic composite AND&quot;" assertions="2" time="0.020811"/>
        <testcase name="testParser with data set &quot;Chained composite AND&quot;" assertions="2" time="0.026998"/>
        <testcase name="testParser with data set &quot;Composite precedence&quot;" assertions="2" time="0.028029"/>
        <testcase name="testParser with data set &quot;Composite precedence at end&quot;" assertions="2" time="0.026060"/>
        <testcase name="testParser with data set &quot;Composite types nested inside traversable&quot;" assertions="2" time="0.041162"/>
        <testcase name="testParser with data set &quot;Composite types nested inside tuple&quot;" assertions="2" time="0.039880"/>
        <testcase name="testParser with data set &quot;Traversable type nested inside composite&quot;" assertions="2" time="0.033519"/>
        <testcase name="testParser with data set &quot;Instrinsic types&quot;" assertions="2" time="0.054404"/>
        <testcase name="testParser with data set &quot;Intrinsic aliases&quot;" assertions="2" time="0.052190"/>
        <testcase name="testParser with data set &quot;Array&quot;" assertions="2" time="0.014362"/>
        <testcase name="testParser with data set &quot;Tuple type&quot;" assertions="2" time="0.030821"/>
        <testcase name="testParser with data set &quot;Resource type&quot;" assertions="2" time="0.013084"/>
        <testcase name="testParser with data set &quot;Resource type with ofType attribute&quot;" assertions="2" time="0.021145"/>
        <testcase name="testParser with data set &quot;Resource type with ofType attribute of reserved type name&quot;" assertions="2" time="0.020824"/>
        <testcase name="testParser with data set &quot;Stream type&quot;" assertions="2" time="0.014242"/>
        <testcase name="testParser with data set &quot;Stream type with attributes&quot;" assertions="2" time="0.026357"/>
        <testcase name="testParser with data set &quot;Stream type with only writable attribute&quot;" assertions="2" time="0.021310"/>
        <testcase name="testParser with data set &quot;Don't parse past end of type&quot;" assertions="2" time="0.012741"/>
        <testcase name="testParser with data set &quot;Parse extension type&quot;" assertions="2" time="0.017718"/>
        <testcase name="testParser with data set &quot;Parse extension type with attributes&quot;" assertions="2" time="0.026407"/>
        <testcase name="testParser with data set &quot;Parse extension type with sub types&quot;" assertions="2" time="0.032401"/>
      </testsuite>
      <testcase name="testParseOffsetHandling" class="Eloquent\Typhax\Parser\TypeParserTest" file="/home/travis/build/eloquent/typhax/test/suite/Parser/TypeParserTest.php" line="304" assertions="4" time="0.046816"/>
      <testsuite name="Eloquent\Typhax\Parser\TypeParserTest::testParserFailure" tests="8" assertions="16" failures="0" errors="0" time="0.112545">
        <testcase name="testParserFailure with data set &quot;Empty string&quot;" assertions="2" time="0.008268"/>
        <testcase name="testParserFailure with data set &quot;Whitespace string&quot;" assertions="2" time="0.007626"/>
        <testcase name="testParserFailure with data set &quot;Empty type list&quot;" assertions="2" time="0.012103"/>
        <testcase name="testParserFailure with data set &quot;Empty attributes&quot;" assertions="2" time="0.012760"/>
        <testcase name="testParserFailure with data set &quot;Unsupported attributes&quot;" assertions="2" time="0.016124"/>
        <testcase name="testParserFailure with data set &quot;Unsupported attributes offset calculation check&quot;" assertions="2" time="0.016668"/>
        <testcase name="testParserFailure with data set &quot;Non-traversable as primary in a traversable&quot;" assertions="2" time="0.013434"/>
        <testcase name="testParserFailure with data set &quot;Traversable with too many types in type list&quot;" assertions="2" time="0.025562"/>
      </testsuite>
      <testsuite name="Eloquent\Typhax\Parser\TypeParserTest::testParseHash" tests="3" assertions="3" failures="0" errors="0" time="0.104873">
        <testcase name="testParseHash with data set #0" assertions="1" time="0.041924"/>
        <testcase name="testParseHash with data set #1" assertions="1" time="0.039875"/>
        <testcase name="testParseHash with data set #2" assertions="1" time="0.023074"/>
      </testsuite>
    </testsuite>
    <testsuite name="Eloquent\Typhax\Parser\TypeTokenTest" file="/home/travis/build/eloquent/typhax/test/suite/Parser/TypeTokenTest.php" tests="26" assertions="71" failures="0" errors="0" time="0.180256">
      <testsuite name="Eloquent\Typhax\Parser\TypeTokenTest::testFromToken" tests="2" assertions="2" failures="0" errors="0" time="0.017931">
        <testcase name="testFromToken with data set &quot;Array token&quot;" assertions="1" time="0.009074"/>
        <testcase name="testFromToken with data set &quot;Character token&quot;" assertions="1" time="0.008857"/>
      </testsuite>
      <testcase name="testToken" class="Eloquent\Typhax\Parser\TypeTokenTest" file="/home/travis/build/eloquent/typhax/test/suite/Parser/TypeTokenTest.php" line="45" assertions="2" time="0.006056"/>
      <testcase name="testAppend" class="Eloquent\Typhax\Parser\TypeTokenTest" file="/home/travis/build/eloquent/typhax/test/suite/Parser/TypeTokenTest.php" line="53" assertions="3" time="0.006896"/>
      <testsuite name="Eloquent\Typhax\Parser\TypeTokenTest::testNameAndSupported" tests="21" assertions="63" failures="0" errors="0" time="0.143376">
        <testcase name="testNameAndSupported with data set #0" assertions="3" time="0.006873"/>
        <testcase name="testNameAndSupported with data set #1" assertions="3" time="0.007844"/>
        <testcase name="testNameAndSupported with data set #2" assertions="3" time="0.006807"/>
        <testcase name="testNameAndSupported with data set #3" assertions="3" time="0.006945"/>
        <testcase name="testNameAndSupported with data set #4" assertions="3" time="0.006681"/>
        <testcase name="testNameAndSupported with data set #5" assertions="3" time="0.006750"/>
        <testcase name="testNameAndSupported with data set #6" assertions="3" time="0.007055"/>
        <testcase name="testNameAndSupported with data set #7" assertions="3" time="0.007154"/>
        <testcase name="testNameAndSupported with data set #8" assertions="3" time="0.007062"/>
        <testcase name="testNameAndSupported with data set #9" assertions="3" time="0.006638"/>
        <testcase name="testNameAndSupported with data set #10" assertions="3" time="0.006713"/>
        <testcase name="testNameAndSupported with data set #11" assertions="3" time="0.006884"/>
        <testcase name="testNameAndSupported with data set #12" assertions="3" time="0.006707"/>
        <testcase name="testNameAndSupported with data set #13" assertions="3" time="0.006393"/>
        <testcase name="testNameAndSupported with data set #14" assertions="3" time="0.006428"/>
        <testcase name="testNameAndSupported with data set #15" assertions="3" time="0.006705"/>
        <testcase name="testNameAndSupported with data set #16" assertions="3" time="0.006631"/>
        <testcase name="testNameAndSupported with data set #17" assertions="3" time="0.006622"/>
        <testcase name="testNameAndSupported with data set #18" assertions="3" time="0.006686"/>
        <testcase name="testNameAndSupported with data set #19" assertions="3" time="0.006764"/>
        <testcase name="testNameAndSupported with data set #20" assertions="3" time="0.007034"/>
      </testsuite>
      <testcase name="testNamesByType" class="Eloquent\Typhax\Parser\TypeTokenTest" file="/home/travis/build/eloquent/typhax/test/suite/Parser/TypeTokenTest.php" line="114" assertions="1" time="0.005997"/>
    </testsuite>
    <testsuite name="Eloquent\Typhax\Renderer\CondensedTypeRendererTest" file="/home/travis/build/eloquent/typhax/test/suite/Renderer/CondensedTypeRendererTest.php" tests="23" assertions="23" failures="0" errors="0" time="0.149476">
      <testsuite name="Eloquent\Typhax\Renderer\CondensedTypeRendererTest::testRender" tests="23" assertions="23" failures="0" errors="0" time="0.149476">
        <testcase name="testRender with data set &quot;Basic types in an OR&quot;" assertions="1" time="0.007458"/>
        <testcase name="testRender with data set &quot;Objects ofType in an AND&quot;" assertions="1" time="0.006580"/>
        <testcase name="testRender with data set &quot;Traversable type&quot;" assertions="1" time="0.006789"/>
        <testcase name="testRender with data set &quot;Traversable type with omitted key&quot;" assertions="1" time="0.006425"/>
        <testcase name="testRender with data set &quot;Array type with omitted key and mixed value&quot;" assertions="1" time="0.006669"/>
        <testcase name="testRender with data set &quot;Traversable object type with omitted key and mixed value&quot;" assertions="1" time="0.006522"/>
        <testcase name="testRender with data set &quot;Traversable mixed type with omitted key and mixed value&quot;" assertions="1" time="0.006271"/>
        <testcase name="testRender with data set &quot;Traversable type with mixed key&quot;" assertions="1" time="0.006302"/>
        <testcase name="testRender with data set &quot;Array type with mixed key and mixed value&quot;" assertions="1" time="0.006363"/>
        <testcase name="testRender with data set &quot;Traversable object type with mixed key and value&quot;" assertions="1" time="0.006300"/>
        <testcase name="testRender with data set &quot;Traversable mixed type with mixed key and value&quot;" assertions="1" time="0.007597"/>
        <testcase name="testRender with data set &quot;Tuple type&quot;" assertions="1" time="0.006078"/>
        <testcase name="testRender with data set &quot;Resource ofType&quot;" assertions="1" time="0.006001"/>
        <testcase name="testRender with data set &quot;Readable stream&quot;" assertions="1" time="0.005991"/>
        <testcase name="testRender with data set &quot;Non-readable stream&quot;" assertions="1" time="0.006702"/>
        <testcase name="testRender with data set &quot;Writable stream&quot;" assertions="1" time="0.006148"/>
        <testcase name="testRender with data set &quot;Non-writable stream&quot;" assertions="1" time="0.006252"/>
        <testcase name="testRender with data set &quot;Read-write stream&quot;" assertions="1" time="0.006285"/>
        <testcase name="testRender with data set &quot;Absolute class name&quot;" assertions="1" time="0.006279"/>
        <testcase name="testRender with data set &quot;Extension type&quot;" assertions="1" time="0.006266"/>
        <testcase name="testRender with data set &quot;Extension type with types&quot;" assertions="1" time="0.006299"/>
        <testcase name="testRender with data set &quot;Extension type with attributes&quot;" assertions="1" time="0.006663"/>
        <testcase name="testRender with data set &quot;Extension type with types and attributes&quot;" assertions="1" time="0.007236"/>
      </testsuite>
    </testsuite>
    <testsuite name="Eloquent\Typhax\Type\AndTypeTest" file="/home/travis/build/eloquent/typhax/test/suite/Type/AndTypeTest.php" tests="1" assertions="1" failures="0" errors="0" time="0.087519">
      <testcase name="testTypes" class="Eloquent\Typhax\Type\AndTypeTest" file="/home/travis/build/eloquent/typhax/test/suite/Type/AndTypeTest.php" line="22" assertions="1" time="0.087519"/>
    </testsuite>
    <testsuite name="Eloquent\Typhax\Type\ExtensionTypeTest" file="/home/travis/build/eloquent/typhax/test/suite/Type/ExtensionTypeTest.php" tests="1" assertions="3" failures="0" errors="0" time="0.007255">
      <testcase name="testExtensionType" class="Eloquent\Typhax\Type\ExtensionTypeTest" file="/home/travis/build/eloquent/typhax/test/suite/Type/ExtensionTypeTest.php" line="21" assertions="3" time="0.007255"/>
    </testsuite>
    <testsuite name="Eloquent\Typhax\Type\ObjectTypeTest" file="/home/travis/build/eloquent/typhax/test/suite/Type/ObjectTypeTest.php" tests="2" assertions="2" failures="0" errors="0" time="0.013821">
      <testcase name="testOfType" class="Eloquent\Typhax\Type\ObjectTypeTest" file="/home/travis/build/eloquent/typhax/test/suite/Type/ObjectTypeTest.php" line="21" assertions="1" time="0.006640"/>
      <testcase name="testOfTypeDefaults" class="Eloquent\Typhax\Type\ObjectTypeTest" file="/home/travis/build/eloquent/typhax/test/suite/Type/ObjectTypeTest.php" line="29" assertions="1" time="0.007181"/>
    </testsuite>
    <testsuite name="Eloquent\Typhax\Type\OrTypeTest" file="/home/travis/build/eloquent/typhax/test/suite/Type/OrTypeTest.php" tests="1" assertions="1" failures="0" errors="0" time="0.012975">
      <testcase name="testTypes" class="Eloquent\Typhax\Type\OrTypeTest" file="/home/travis/build/eloquent/typhax/test/suite/Type/OrTypeTest.php" line="22" assertions="1" time="0.012975"/>
    </testsuite>
    <testsuite name="Eloquent\Typhax\Type\ResourceTypeTest" file="/home/travis/build/eloquent/typhax/test/suite/Type/ResourceTypeTest.php" tests="1" assertions="2" failures="0" errors="0" time="0.007775">
      <testcase name="testResourceType" class="Eloquent\Typhax\Type\ResourceTypeTest" file="/home/travis/build/eloquent/typhax/test/suite/Type/ResourceTypeTest.php" line="21" assertions="2" time="0.007775"/>
    </testsuite>
    <testsuite name="Eloquent\Typhax\Type\StreamTypeTest" file="/home/travis/build/eloquent/typhax/test/suite/Type/StreamTypeTest.php" tests="1" assertions="6" failures="0" errors="0" time="0.010383">
      <testcase name="testStreamType" class="Eloquent\Typhax\Type\StreamTypeTest" file="/home/travis/build/eloquent/typhax/test/suite/Type/StreamTypeTest.php" line="21" assertions="6" time="0.010383"/>
    </testsuite>
    <testsuite name="Eloquent\Typhax\Type\TraversableTypeTest" file="/home/travis/build/eloquent/typhax/test/suite/Type/TraversableTypeTest.php" tests="4" assertions="4" failures="0" errors="0" time="0.061190">
      <testcase name="testPrimaryType" class="Eloquent\Typhax\Type\TraversableTypeTest" file="/home/travis/build/eloquent/typhax/test/suite/Type/TraversableTypeTest.php" line="31" assertions="1" time="0.018934"/>
      <testcase name="testKeyType" class="Eloquent\Typhax\Type\TraversableTypeTest" file="/home/travis/build/eloquent/typhax/test/suite/Type/TraversableTypeTest.php" line="36" assertions="1" time="0.014200"/>
      <testcase name="testNullKeyType" class="Eloquent\Typhax\Type\TraversableTypeTest" file="/home/travis/build/eloquent/typhax/test/suite/Type/TraversableTypeTest.php" line="41" assertions="1" time="0.014104"/>
      <testcase name="testValueType" class="Eloquent\Typhax\Type\TraversableTypeTest" file="/home/travis/build/eloquent/typhax/test/suite/Type/TraversableTypeTest.php" line="48" assertions="1" time="0.013952"/>
    </testsuite>
    <testsuite name="Eloquent\Typhax\Type\TupleTypeTest" file="/home/travis/build/eloquent/typhax/test/suite/Type/TupleTypeTest.php" tests="1" assertions="1" failures="0" errors="0" time="0.011419">
      <testcase name="testTypes" class="Eloquent\Typhax\Type\TupleTypeTest" file="/home/travis/build/eloquent/typhax/test/suite/Type/TupleTypeTest.php" line="22" assertions="1" time="0.011419"/>
    </testsuite>
    <testsuite name="Eloquent\Typhax\Type\VisitorAcceptTest" file="/home/travis/build/eloquent/typhax/test/suite/Type/VisitorAcceptTest.php" tests="18" assertions="18" failures="0" errors="0" time="0.726938">
      <testsuite name="Eloquent\Typhax\Type\VisitorAcceptTest::testAccept" tests="18" assertions="18" failures="0" errors="0" time="0.726938">
        <testcase name="testAccept with data set #0" assertions="1" time="0.076183"/>
        <testcase name="testAccept with data set #1" assertions="1" time="0.033364"/>
        <testcase name="testAccept with data set #2" assertions="1" time="0.033731"/>
        <testcase name="testAccept with data set #3" assertions="1" time="0.034328"/>
        <testcase name="testAccept with data set #4" assertions="1" time="0.036155"/>
        <testcase name="testAccept with data set #5" assertions="1" time="0.034942"/>
        <testcase name="testAccept with data set #6" assertions="1" time="0.035444"/>
        <testcase name="testAccept with data set #7" assertions="1" time="0.047203"/>
        <testcase name="testAccept with data set #8" assertions="1" time="0.037754"/>
        <testcase name="testAccept with data set #9" assertions="1" time="0.037973"/>
        <testcase name="testAccept with data set #10" assertions="1" time="0.038939"/>
        <testcase name="testAccept with data set #11" assertions="1" time="0.038719"/>
        <testcase name="testAccept with data set #12" assertions="1" time="0.038966"/>
        <testcase name="testAccept with data set #13" assertions="1" time="0.040111"/>
        <testcase name="testAccept with data set #14" assertions="1" time="0.039056"/>
        <testcase name="testAccept with data set #15" assertions="1" time="0.039230"/>
        <testcase name="testAccept with data set #16" assertions="1" time="0.041495"/>
        <testcase name="testAccept with data set #17" assertions="1" time="0.043345"/>
      </testsuite>
    </testsuite>
  </testsuite>
</testsuites>
